# JRE version: Java(TM) SE Runtime Environment (8.0_191-b12) (build 1.8.0_191-b12)
# Java VM: Java HotSpot(TM) 64-Bit Server VM (25.191-b12 mixed mode windows-amd64 compressed oops)
Heap:
 PSYoungGen      total 107520K, used 66860K [0x000000076b400000, 0x0000000774d00000, 0x00000007c0000000)
  eden space 96768K, 69% used [0x000000076b400000,0x000000076f54b108,0x0000000771280000)
  from space 10752K, 0% used [0x0000000771280000,0x0000000771280000,0x0000000771d00000)
  to   space 10752K, 0% used [0x0000000774280000,0x0000000774280000,0x0000000774d00000)
 ParOldGen       total 131072K, used 15381K [0x00000006c1c00000, 0x00000006c9c00000, 0x000000076b400000)
  object space 131072K, 11% used [0x00000006c1c00000,0x00000006c2b05480,0x00000006c9c00000)
 Metaspace       used 35134K, capacity 36530K, committed 36696K, reserved 1081344K
  class space    used 4597K, capacity 4895K, committed 4992K, reserved 1048576K
GC Heap History (10 events):
Event: 9.041 GC heap before
{Heap before GC invocations=7 (full 1):
 PSYoungGen      total 76288K, used 69766K [0x000000076b400000, 0x0000000772980000, 0x00000007c0000000)
  eden space 65536K, 100% used [0x000000076b400000,0x000000076f400000,0x000000076f400000)
  from space 10752K, 39% used [0x000000076f400000,0x000000076f821be0,0x000000076fe80000)
  to   space 9728K, 0% used [0x0000000772000000,0x0000000772000000,0x0000000772980000)
 ParOldGen       total 99840K, used 6789K [0x00000006c1c00000, 0x00000006c7d80000, 0x000000076b400000)
  object space 99840K, 6% used [0x00000006c1c00000,0x00000006c22a1748,0x00000006c7d80000)
 Metaspace       used 25404K, capacity 26442K, committed 26624K, reserved 1073152K
  class space    used 3254K, capacity 3487K, committed 3584K, reserved 1048576K
Event: 9.051 GC heap after
Heap after GC invocations=7 (full 1):
 PSYoungGen      total 111104K, used 6697K [0x000000076b400000, 0x0000000772e00000, 0x00000007c0000000)
  eden space 101376K, 0% used [0x000000076b400000,0x000000076b400000,0x0000000771700000)
  from space 9728K, 68% used [0x0000000772000000,0x000000077268a4e0,0x0000000772980000)
  to   space 9216K, 0% used [0x0000000771700000,0x0000000771700000,0x0000000772000000)
 ParOldGen       total 99840K, used 6797K [0x00000006c1c00000, 0x00000006c7d80000, 0x000000076b400000)
  object space 99840K, 6% used [0x00000006c1c00000,0x00000006c22a3748,0x00000006c7d80000)
 Metaspace       used 25404K, capacity 26442K, committed 26624K, reserved 1073152K
  class space    used 3254K, capacity 3487K, committed 3584K, reserved 1048576K
}
Event: 373.306 GC heap before
{Heap before GC invocations=8 (full 1):
 PSYoungGen      total 111104K, used 108073K [0x000000076b400000, 0x0000000772e00000, 0x00000007c0000000)
  eden space 101376K, 100% used [0x000000076b400000,0x0000000771700000,0x0000000771700000)
  from space 9728K, 68% used [0x0000000772000000,0x000000077268a4e0,0x0000000772980000)
  to   space 9216K, 0% used [0x0000000771700000,0x0000000771700000,0x0000000772000000)
 ParOldGen       total 99840K, used 6797K [0x00000006c1c00000, 0x00000006c7d80000, 0x000000076b400000)
  object space 99840K, 6% used [0x00000006c1c00000,0x00000006c22a3748,0x00000006c7d80000)
 Metaspace       used 27468K, capacity 28592K, committed 28672K, reserved 1075200K
  class space    used 3529K, capacity 3776K, committed 3840K, reserved 1048576K
Event: 373.317 GC heap after
Heap after GC invocations=8 (full 1):
 PSYoungGen      total 107008K, used 7884K [0x000000076b400000, 0x0000000772680000, 0x00000007c0000000)
  eden space 98816K, 0% used [0x000000076b400000,0x000000076b400000,0x0000000771480000)
  from space 8192K, 96% used [0x0000000771700000,0x0000000771eb30a8,0x0000000771f00000)
  to   space 7680K, 0% used [0x0000000771f00000,0x0000000771f00000,0x0000000772680000)
 ParOldGen       total 99840K, used 6805K [0x00000006c1c00000, 0x00000006c7d80000, 0x000000076b400000)
  object space 99840K, 6% used [0x00000006c1c00000,0x00000006c22a5748,0x00000006c7d80000)
 Metaspace       used 27468K, capacity 28592K, committed 28672K, reserved 1075200K
  class space    used 3529K, capacity 3776K, committed 3840K, reserved 1048576K
}
Event: 374.872 GC heap before
{Heap before GC invocations=9 (full 1):
 PSYoungGen      total 107008K, used 106700K [0x000000076b400000, 0x0000000772680000, 0x00000007c0000000)
  eden space 98816K, 100% used [0x000000076b400000,0x0000000771480000,0x0000000771480000)
  from space 8192K, 96% used [0x0000000771700000,0x0000000771eb30a8,0x0000000771f00000)
  to   space 7680K, 0% used [0x0000000771f00000,0x0000000771f00000,0x0000000772680000)
 ParOldGen       total 99840K, used 6805K [0x00000006c1c00000, 0x00000006c7d80000, 0x000000076b400000)
  object space 99840K, 6% used [0x00000006c1c00000,0x00000006c22a5748,0x00000006c7d80000)
 Metaspace       used 31662K, capacity 32914K, committed 33152K, reserved 1077248K
  class space    used 4155K, capacity 4437K, committed 4480K, reserved 1048576K
Event: 374.881 GC heap after
Heap after GC invocations=9 (full 1):
 PSYoungGen      total 104448K, used 7678K [0x000000076b400000, 0x0000000772780000, 0x00000007c0000000)
  eden space 96768K, 0% used [0x000000076b400000,0x000000076b400000,0x0000000771280000)
  from space 7680K, 99% used [0x0000000771f00000,0x000000077267f878,0x0000000772680000)
  to   space 10752K, 0% used [0x0000000771280000,0x0000000771280000,0x0000000771d00000)
 ParOldGen       total 99840K, used 9668K [0x00000006c1c00000, 0x00000006c7d80000, 0x000000076b400000)
  object space 99840K, 9% used [0x00000006c1c00000,0x00000006c2571178,0x00000006c7d80000)
 Metaspace       used 31662K, capacity 32914K, committed 33152K, reserved 1077248K
  class space    used 4155K, capacity 4437K, committed 4480K, reserved 1048576K
}
Event: 375.621 GC heap before
{Heap before GC invocations=10 (full 1):
 PSYoungGen      total 104448K, used 67580K [0x000000076b400000, 0x0000000772780000, 0x00000007c0000000)
  eden space 96768K, 61% used [0x000000076b400000,0x000000076ee7f930,0x0000000771280000)
  from space 7680K, 99% used [0x0000000771f00000,0x000000077267f878,0x0000000772680000)
  to   space 10752K, 0% used [0x0000000771280000,0x0000000771280000,0x0000000771d00000)
 ParOldGen       total 99840K, used 9668K [0x00000006c1c00000, 0x00000006c7d80000, 0x000000076b400000)
  object space 99840K, 9% used [0x00000006c1c00000,0x00000006c2571178,0x00000006c7d80000)
 Metaspace       used 33907K, capacity 35272K, committed 35416K, reserved 1079296K
  class space    used 4450K, capacity 4722K, committed 4736K, reserved 1048576K
Event: 375.637 GC heap after
Heap after GC invocations=10 (full 1):
 PSYoungGen      total 107520K, used 7770K [0x000000076b400000, 0x0000000774d00000, 0x00000007c0000000)
  eden space 96768K, 0% used [0x000000076b400000,0x000000076b400000,0x0000000771280000)
  from space 10752K, 72% used [0x0000000771280000,0x0000000771a16a80,0x0000000771d00000)
  to   space 10752K, 0% used [0x0000000774280000,0x0000000774280000,0x0000000774d00000)
 ParOldGen       total 99840K, used 12485K [0x00000006c1c00000, 0x00000006c7d80000, 0x000000076b400000)
  object space 99840K, 12% used [0x00000006c1c00000,0x00000006c2831668,0x00000006c7d80000)
 Metaspace       used 33907K, capacity 35272K, committed 35416K, reserved 1079296K
  class space    used 4450K, capacity 4722K, committed 4736K, reserved 1048576K
}
Event: 375.637 GC heap before
{Heap before GC invocations=11 (full 2):
 PSYoungGen      total 107520K, used 7770K [0x000000076b400000, 0x0000000774d00000, 0x00000007c0000000)
  eden space 96768K, 0% used [0x000000076b400000,0x000000076b400000,0x0000000771280000)
  from space 10752K, 72% used [0x0000000771280000,0x0000000771a16a80,0x0000000771d00000)
  to   space 10752K, 0% used [0x0000000774280000,0x0000000774280000,0x0000000774d00000)
 ParOldGen       total 99840K, used 12485K [0x00000006c1c00000, 0x00000006c7d80000, 0x000000076b400000)
  object space 99840K, 12% used [0x00000006c1c00000,0x00000006c2831668,0x00000006c7d80000)
 Metaspace       used 33907K, capacity 35272K, committed 35416K, reserved 1079296K
  class space    used 4450K, capacity 4722K, committed 4736K, reserved 1048576K
Event: 375.709 GC heap after
Heap after GC invocations=11 (full 2):
 PSYoungGen      total 107520K, used 0K [0x000000076b400000, 0x0000000774d00000, 0x00000007c0000000)
  eden space 96768K, 0% used [0x000000076b400000,0x000000076b400000,0x0000000771280000)
  from space 10752K, 0% used [0x0000000771280000,0x0000000771280000,0x0000000771d00000)
  to   space 10752K, 0% used [0x0000000774280000,0x0000000774280000,0x0000000774d00000)
 ParOldGen       total 131072K, used 15381K [0x00000006c1c00000, 0x00000006c9c00000, 0x000000076b400000)
  object space 131072K, 11% used [0x00000006c1c00000,0x00000006c2b05480,0x00000006c9c00000)
 Metaspace       used 33907K, capacity 35272K, committed 35416K, reserved 1079296K
  class space    used 4450K, capacity 4722K, committed 4736K, reserved 1048576K
}

